<?xml version="1.0" encoding="UTF-8"?>
<testng-results skipped="0" failed="1" total="1" passed="0">
  <reporter-output>
  </reporter-output>
  <suite name="Default suite" duration-ms="28659" started-at="2018-09-09T08:15:13Z" finished-at="2018-09-09T08:15:41Z">
    <groups>
    </groups>
    <test name="Default test" duration-ms="28659" started-at="2018-09-09T08:15:13Z" finished-at="2018-09-09T08:15:41Z">
      <class name="com.actitime.genericlib.CC">
        <test-method status="PASS" signature="configBs()[pri:0, instance:com.actitime.genericlib.CC@5b275dab]" name="configBs" is-config="true" duration-ms="19" started-at="2018-09-09T13:45:13Z" finished-at="2018-09-09T13:45:13Z">
          <reporter-output>
          </reporter-output>
        </test-method> <!-- configBs -->
        <test-method status="PASS" signature="configBC()[pri:0, instance:com.actitime.genericlib.CC@5b275dab]" name="configBC" is-config="true" duration-ms="15170" started-at="2018-09-09T13:45:13Z" finished-at="2018-09-09T13:45:28Z">
          <reporter-output>
          </reporter-output>
        </test-method> <!-- configBC -->
        <test-method status="PASS" signature="configBm()[pri:0, instance:com.actitime.genericlib.CC@5b275dab]" name="configBm" is-config="true" duration-ms="4082" started-at="2018-09-09T13:45:28Z" finished-at="2018-09-09T13:45:32Z">
          <reporter-output>
          </reporter-output>
        </test-method> <!-- configBm -->
        <test-method status="FAIL" signature="cctest()[pri:0, instance:com.actitime.genericlib.CC@5b275dab]" name="cctest" duration-ms="12" started-at="2018-09-09T13:45:32Z" finished-at="2018-09-09T13:45:32Z">
          <exception class="java.lang.AssertionError">
            <message>
              <![CDATA[expected [B] but found [A]]]>
            </message>
            <full-stacktrace>
              <![CDATA[java.lang.AssertionError: expected [B] but found [A]
	at org.testng.Assert.fail(Assert.java:94)
	at org.testng.Assert.failNotEquals(Assert.java:496)
	at org.testng.Assert.assertEquals(Assert.java:125)
	at org.testng.Assert.assertEquals(Assert.java:178)
	at org.testng.Assert.assertEquals(Assert.java:188)
	at com.actitime.genericlib.CC.cctest(CC.java:15)
	at sun.reflect.NativeMethodAccessorImpl.invoke0(Native Method)
	at sun.reflect.NativeMethodAccessorImpl.invoke(Unknown Source)
	at sun.reflect.DelegatingMethodAccessorImpl.invoke(Unknown Source)
	at java.lang.reflect.Method.invoke(Unknown Source)
	at org.testng.internal.MethodInvocationHelper.invokeMethod(MethodInvocationHelper.java:85)
	at org.testng.internal.Invoker.invokeMethod(Invoker.java:639)
	at org.testng.internal.Invoker.invokeTestMethod(Invoker.java:816)
	at org.testng.internal.Invoker.invokeTestMethods(Invoker.java:1124)
	at org.testng.internal.TestMethodWorker.invokeTestMethods(TestMethodWorker.java:125)
	at org.testng.internal.TestMethodWorker.run(TestMethodWorker.java:108)
	at org.testng.TestRunner.privateRun(TestRunner.java:774)
	at org.testng.TestRunner.run(TestRunner.java:624)
	at org.testng.SuiteRunner.runTest(SuiteRunner.java:359)
	at org.testng.SuiteRunner.runSequentially(SuiteRunner.java:354)
	at org.testng.SuiteRunner.privateRun(SuiteRunner.java:312)
	at org.testng.SuiteRunner.run(SuiteRunner.java:261)
	at org.testng.SuiteRunnerWorker.runSuite(SuiteRunnerWorker.java:52)
	at org.testng.SuiteRunnerWorker.run(SuiteRunnerWorker.java:86)
	at org.testng.TestNG.runSuitesSequentially(TestNG.java:1215)
	at org.testng.TestNG.runSuitesLocally(TestNG.java:1140)
	at org.testng.TestNG.run(TestNG.java:1048)
	at org.testng.remote.AbstractRemoteTestNG.run(AbstractRemoteTestNG.java:114)
	at org.testng.remote.RemoteTestNG.initAndRun(RemoteTestNG.java:251)
	at org.testng.remote.RemoteTestNG.main(RemoteTestNG.java:77)
]]>
            </full-stacktrace>
          </exception> <!-- java.lang.AssertionError -->
          <reporter-output>
          </reporter-output>
        </test-method> <!-- cctest -->
        <test-method status="PASS" signature="configAm()[pri:0, instance:com.actitime.genericlib.CC@5b275dab]" name="configAm" is-config="true" duration-ms="566" started-at="2018-09-09T13:45:39Z" finished-at="2018-09-09T13:45:40Z">
          <reporter-output>
          </reporter-output>
        </test-method> <!-- configAm -->
        <test-method status="PASS" signature="configAc()[pri:0, instance:com.actitime.genericlib.CC@5b275dab]" name="configAc" is-config="true" duration-ms="1782" started-at="2018-09-09T13:45:40Z" finished-at="2018-09-09T13:45:41Z">
          <reporter-output>
          </reporter-output>
        </test-method> <!-- configAc -->
        <test-method status="PASS" signature="configAS()[pri:0, instance:com.actitime.genericlib.CC@5b275dab]" name="configAS" is-config="true" duration-ms="10" started-at="2018-09-09T13:45:42Z" finished-at="2018-09-09T13:45:42Z">
          <reporter-output>
          </reporter-output>
        </test-method> <!-- configAS -->
      </class> <!-- com.actitime.genericlib.CC -->
    </test> <!-- Default test -->
  </suite> <!-- Default suite -->
</testng-results>
